d:\studia\sem5\ja\projekt\projector4d\projectionfunctionsdll\debug\projectionfunctionsdll.pch
d:\studia\sem5\ja\projekt\projector4d\projectionfunctionsdll\debug\vc141.pdb
d:\studia\sem5\ja\projekt\projector4d\projectionfunctionsdll\debug\vc141.idb
d:\studia\sem5\ja\projekt\projector4d\projectionfunctionsdll\debug\stdafx.obj
d:\studia\sem5\ja\projekt\projector4d\projectionfunctionsdll\debug\projectionfunctionsdll.obj
d:\studia\sem5\ja\projekt\projector4d\projectionfunctionsdll\debug\dllmain.obj
d:\studia\sem5\ja\projekt\projector4d\debug\projectionfunctionsdll.ilk
d:\studia\sem5\ja\projekt\projector4d\debug\projectionfunctionsdll.dll
d:\studia\sem5\ja\projekt\projector4d\debug\projectionfunctionsdll.pdb
d:\studia\sem5\ja\projekt\projector4d\projectionfunctionsdll\debug\implementations.obj
d:\studia\sem5\ja\projekt\projector4d\debug\projectionfunctionsdll.lib
d:\studia\sem5\ja\projekt\projector4d\debug\projectionfunctionsdll.exp
d:\studia\sem5\ja\projekt\projector4d\projectionfunctionsdll\debug\projecti.27283629.tlog\cl.command.1.tlog
d:\studia\sem5\ja\projekt\projector4d\projectionfunctionsdll\debug\projecti.27283629.tlog\cl.read.1.tlog
d:\studia\sem5\ja\projekt\projector4d\projectionfunctionsdll\debug\projecti.27283629.tlog\cl.write.1.tlog
d:\studia\sem5\ja\projekt\projector4d\projectionfunctionsdll\debug\projecti.27283629.tlog\link.command.1.tlog
d:\studia\sem5\ja\projekt\projector4d\projectionfunctionsdll\debug\projecti.27283629.tlog\link.read.1.tlog
d:\studia\sem5\ja\projekt\projector4d\projectionfunctionsdll\debug\projecti.27283629.tlog\link.write.1.tlog
d:\studia\sem5\ja\projekt\projector4d\projectionfunctionsdll\debug\projecti.27283629.tlog\masm.read.1u.tlog
d:\studia\sem5\ja\projekt\projector4d\projectionfunctionsdll\debug\projecti.27283629.tlog\masm.write.1u.tlog
d:\studia\sem5\ja\projekt\projector4d\projectionfunctionsdll\debug\projecti.27283629.tlog\projectionfunctionsdll.write.1u.tlog
